1656339841473	geckodriver	INFO	Listening on 127.0.0.1:53633
1656339846461	mozrunner::runner	INFO	Running command: "C:\\Program Files\\Mozilla Firefox\\firefox.exe" "--marionette" "--headless" "--remote-debugging-port" "53634" "--remote-allow-hosts" "localhost" "-no-remote" "-profile" "C:\\Users\\JMATTI~1\\AppData\\Local\\Temp\\rust_mozprofileL8tNvr"
*** You are running in headless mode.
1656339848402	Marionette	INFO	Marionette enabled
WebDriver BiDi listening on ws://localhost:53634
[GFX1-]: RenderCompositorSWGL failed mapping default framebuffer, no dt
1656339852919	Marionette	INFO	Listening on port 53750
Read port: 53750
1656339853004	RemoteAgent	WARN	TLS certificate errors will be ignored for this session
DevTools listening on ws://localhost:53634/devtools/browser/6ad2346c-0ce7-4f8a-a4ae-56d7c240206e
1656339856841	Marionette	INFO	Stopped listening on port 53750

###!!! [Parent][PContentParent] Error: Send(msgname=PContent::Msg_DestroyBrowsingContextGroup) Closed channel: cannot send/recv

JavaScript error: resource://gre/modules/Sqlite.jsm, line 1105: Error: Sqlite.jsm has been shutdown. Cannot open connection to: C:\Users\JMATTI~1\AppData\Local\Temp\rust_mozprofileL8tNvr\protections.sqlite
1656339896788	geckodriver	INFO	Listening on 127.0.0.1:53868
1656339902247	mozrunner::runner	INFO	Running command: "C:\\Program Files\\Mozilla Firefox\\firefox.exe" "--marionette" "--headless" "--remote-debugging-port" "53869" "--remote-allow-hosts" "localhost" "-no-remote" "-profile" "C:\\Users\\JMATTI~1\\AppData\\Local\\Temp\\rust_mozprofiley8W6vC"
*** You are running in headless mode.
1656339903949	Marionette	INFO	Marionette enabled
WebDriver BiDi listening on ws://localhost:53869
[GFX1-]: RenderCompositorSWGL failed mapping default framebuffer, no dt
1656339909076	Marionette	INFO	Listening on port 53987
Read port: 53987
1656339909163	RemoteAgent	WARN	TLS certificate errors will be ignored for this session
DevTools listening on ws://localhost:53869/devtools/browser/542f446d-ff0d-4e20-9a97-901610a7cf14
1656339913459	Marionette	INFO	Stopped listening on port 53987
